<?xml version="1.0" encoding="UTF-8"?>
<testsuite name="activity.DeleteCriminalRecordActivityTest" tests="3" skipped="0" failures="0" errors="0" timestamp="2022-10-08T15:58:13" hostname="DESKTOP-QFNEL2B" time="0.008">
  <properties/>
  <testcase name="handleRequest_deleteExistingCriminalRecord_returnConfirmationMessage()" classname="activity.DeleteCriminalRecordActivityTest" time="0.003"/>
  <testcase name="handleRequest_deleteNonExistingCriminalRecord_throwsNoCriminalRecordFoundException()" classname="activity.DeleteCriminalRecordActivityTest" time="0.002"/>
  <testcase name="handleRequest_deleteExistingCriminalRecord_verifyCallToDeleteCriminalRecord()" classname="activity.DeleteCriminalRecordActivityTest" time="0.001"/>
  <system-out><![CDATA[]]></system-out>
  <system-err><![CDATA[]]></system-err>
</testsuite>
