<?xml version="1.0" encoding="UTF-8"?>
<testsuite name="dao.CriminalRecordDaoTest" tests="1" skipped="0" failures="0" errors="0" timestamp="2022-09-21T22:05:31" hostname="DESKTOP-QFNEL2B" time="0.449">
  <properties/>
  <testcase name="saveCriminalRecord_provideIncompleteRecord_throwsMissingAttributeToSaveRecordException()" classname="dao.CriminalRecordDaoTest" time="0.449"/>
  <system-out><![CDATA[]]></system-out>
  <system-err><![CDATA[]]></system-err>
</testsuite>
