<?xml version="1.0" encoding="UTF-8"?>
<testsuite name="activity.CreateCriminalRecordActivityTest" tests="2" skipped="0" failures="0" errors="0" timestamp="2022-10-08T15:58:13" hostname="DESKTOP-QFNEL2B" time="0.006">
  <properties/>
  <testcase name="handleRequest_provideParamsToCreateCriminalRecord_verifyCallToSaveCriminalRecord()" classname="activity.CreateCriminalRecordActivityTest" time="0.004"/>
  <testcase name="handleRequest_provideParamsToCreateCriminalRecord_returnsCriminalRecord()" classname="activity.CreateCriminalRecordActivityTest" time="0.002"/>
  <system-out><![CDATA[]]></system-out>
  <system-err><![CDATA[]]></system-err>
</testsuite>
